c:\devel\workspaces\vst\wavex\builds\visualstudio2015\x64\debug\waveselector.obj
c:\devel\workspaces\vst\wavex\builds\visualstudio2015\x64\debug\appwindowcomponent.obj
c:\devel\workspaces\vst\wavex\builds\visualstudio2015\x64\debug\main.obj
c:\devel\workspaces\vst\wavex\builds\visualstudio2015\x64\debug\juce_audio_utils.obj
c:\devel\workspaces\vst\wavex\builds\visualstudio2015\x64\debug\juce_data_structures.obj
c:\devel\workspaces\vst\wavex\builds\visualstudio2015\x64\debug\juce_gui_basics.obj
c:\devel\workspaces\vst\wavex\builds\visualstudio2015\x64\debug\customlookandfeel.obj
c:\devel\workspaces\vst\wavex\builds\visualstudio2015\x64\debug\masterchannelpanel.obj
c:\devel\workspaces\vst\wavex\builds\visualstudio2015\x64\debug\maincomponent.obj
c:\devel\workspaces\vst\wavex\builds\visualstudio2015\x64\debug\juce_audio_processors.obj
c:\devel\workspaces\vst\wavex\builds\visualstudio2015\x64\debug\juce_events.obj
c:\devel\workspaces\vst\wavex\builds\visualstudio2015\x64\debug\juce_gui_extra.obj
c:\devel\workspaces\vst\wavex\builds\visualstudio2015\x64\debug\timeline.obj
c:\devel\workspaces\vst\wavex\builds\visualstudio2015\x64\debug\positionmarker.obj
c:\devel\workspaces\vst\wavex\builds\visualstudio2015\x64\debug\juce_audio_basics.obj
c:\devel\workspaces\vst\wavex\builds\visualstudio2015\x64\debug\juce_audio_devices.obj
c:\devel\workspaces\vst\wavex\builds\visualstudio2015\x64\debug\juce_core.obj
c:\devel\workspaces\vst\wavex\builds\visualstudio2015\x64\debug\juce_opengl.obj
c:\devel\workspaces\vst\wavex\builds\visualstudio2015\x64\debug\track.obj
c:\devel\workspaces\vst\wavex\builds\visualstudio2015\x64\debug\transportpanel.obj
c:\devel\workspaces\vst\wavex\builds\visualstudio2015\x64\debug\tracknavigator.obj
c:\devel\workspaces\vst\wavex\builds\visualstudio2015\x64\debug\juce_audio_formats.obj
c:\devel\workspaces\vst\wavex\builds\visualstudio2015\x64\debug\juce_cryptography.obj
c:\devel\workspaces\vst\wavex\builds\visualstudio2015\x64\debug\juce_graphics.obj
c:\devel\workspaces\vst\wavex\builds\visualstudio2015\x64\debug\juce_video.obj
c:\devel\workspaces\vst\wavex\builds\visualstudio2015\x64\debug\vc140.pdb
c:\devel\workspaces\vst\wavex\builds\visualstudio2015\x64\debug\trackpropertypanel.obj
c:\devel\workspaces\vst\wavex\builds\visualstudio2015\x64\debug\trackpropertyview.obj
c:\devel\workspaces\vst\wavex\builds\visualstudio2015\x64\debug\wavex.ilk
c:\devel\workspaces\vst\wavex\builds\visualstudio2015\x64\debug\wavex.exe
c:\devel\workspaces\vst\wavex\builds\visualstudio2015\x64\debug\wavex.pdb
c:\devel\workspaces\vst\wavex\builds\visualstudio2015\x64\debug\resources.res
c:\devel\workspaces\vst\wavex\builds\visualstudio2015\x64\debug\wavex.tlog\cl.command.1.tlog
c:\devel\workspaces\vst\wavex\builds\visualstudio2015\x64\debug\wavex.tlog\cl.read.1.tlog
c:\devel\workspaces\vst\wavex\builds\visualstudio2015\x64\debug\wavex.tlog\cl.write.1.tlog
c:\devel\workspaces\vst\wavex\builds\visualstudio2015\x64\debug\wavex.tlog\link.command.1.tlog
c:\devel\workspaces\vst\wavex\builds\visualstudio2015\x64\debug\wavex.tlog\link.read.1.tlog
c:\devel\workspaces\vst\wavex\builds\visualstudio2015\x64\debug\wavex.tlog\link.write.1.tlog
c:\devel\workspaces\vst\wavex\builds\visualstudio2015\x64\debug\wavex.tlog\rc.command.1.tlog
c:\devel\workspaces\vst\wavex\builds\visualstudio2015\x64\debug\wavex.tlog\rc.read.1.tlog
c:\devel\workspaces\vst\wavex\builds\visualstudio2015\x64\debug\wavex.tlog\rc.write.1.tlog
