  AppWindowComponent.cpp
  Main.cpp
  MainComponent.cpp
  MasterChannelPanel.cpp
c:\devel\workspaces\vst\wavex\source\DragConstrainer.h(42): warning C4244: "Argument": Konvertierung von "double" in "int", möglicher Datenverlust (Quelldatei wird kompiliert ..\..\Source\Main.cpp)
c:\devel\workspaces\vst\wavex\source\DragConstrainer.h(35): warning C4100: "isStretchingRight": Unreferenzierter formaler Parameter (Quelldatei wird kompiliert ..\..\Source\Main.cpp)
c:\devel\workspaces\vst\wavex\source\DragConstrainer.h(34): warning C4100: "isStretchingBottom": Unreferenzierter formaler Parameter (Quelldatei wird kompiliert ..\..\Source\Main.cpp)
c:\devel\workspaces\vst\wavex\source\DragConstrainer.h(33): warning C4100: "isStretchingLeft": Unreferenzierter formaler Parameter (Quelldatei wird kompiliert ..\..\Source\Main.cpp)
c:\devel\workspaces\vst\wavex\source\DragConstrainer.h(32): warning C4100: "isStretchingTop": Unreferenzierter formaler Parameter (Quelldatei wird kompiliert ..\..\Source\Main.cpp)
c:\devel\workspaces\vst\wavex\source\DragConstrainer.h(31): warning C4100: "limits": Unreferenzierter formaler Parameter (Quelldatei wird kompiliert ..\..\Source\Main.cpp)
c:\devel\workspaces\vst\wavex\source\DragConstrainer.h(45): warning C4458: Deklaration von "raster" blendet Klassenmember aus (Quelldatei wird kompiliert ..\..\Source\Main.cpp)
  c:\devel\workspaces\vst\wavex\source\DragConstrainer.h(80): note: Siehe Deklaration von "DragConstrainer::raster" (Quelldatei wird kompiliert ..\..\Source\Main.cpp)
c:\devel\workspaces\vst\wavex\source\DragConstrainer.h(47): warning C4244: "Initialisierung": Konvertierung von "double" in "int", möglicher Datenverlust (Quelldatei wird kompiliert ..\..\Source\Main.cpp)
c:\devel\workspaces\vst\wavex\source\DragConstrainer.h(71): warning C4458: Deklaration von "raster" blendet Klassenmember aus (Quelldatei wird kompiliert ..\..\Source\Main.cpp)
  c:\devel\workspaces\vst\wavex\source\DragConstrainer.h(80): note: Siehe Deklaration von "DragConstrainer::raster" (Quelldatei wird kompiliert ..\..\Source\Main.cpp)
c:\devel\workspaces\vst\wavex\source\DragConstrainer.h(75): warning C4458: Deklaration von "tolerance" blendet Klassenmember aus (Quelldatei wird kompiliert ..\..\Source\Main.cpp)
  c:\devel\workspaces\vst\wavex\source\DragConstrainer.h(81): note: Siehe Deklaration von "DragConstrainer::tolerance" (Quelldatei wird kompiliert ..\..\Source\Main.cpp)
c:\devel\workspaces\vst\wavex\source\TrackPropertyConstrainer.h(32): warning C4100: "isStretchingRight": Unreferenzierter formaler Parameter (Quelldatei wird kompiliert ..\..\Source\Main.cpp)
c:\devel\workspaces\vst\wavex\source\TrackPropertyConstrainer.h(31): warning C4100: "isStretchingBottom": Unreferenzierter formaler Parameter (Quelldatei wird kompiliert ..\..\Source\Main.cpp)
c:\devel\workspaces\vst\wavex\source\TrackPropertyConstrainer.h(30): warning C4100: "isStretchingLeft": Unreferenzierter formaler Parameter (Quelldatei wird kompiliert ..\..\Source\Main.cpp)
c:\devel\workspaces\vst\wavex\source\TrackPropertyConstrainer.h(29): warning C4100: "isStretchingTop": Unreferenzierter formaler Parameter (Quelldatei wird kompiliert ..\..\Source\Main.cpp)
c:\devel\workspaces\vst\wavex\source\TrackPropertyConstrainer.h(28): warning C4100: "limits": Unreferenzierter formaler Parameter (Quelldatei wird kompiliert ..\..\Source\Main.cpp)
c:\devel\workspaces\vst\wavex\source\TrackPropertyConstrainer.h(27): warning C4100: "previousBounds": Unreferenzierter formaler Parameter (Quelldatei wird kompiliert ..\..\Source\Main.cpp)
c:\devel\workspaces\vst\wavex\source\DragConstrainer.h(42): warning C4244: "Argument": Konvertierung von "double" in "int", möglicher Datenverlust (Quelldatei wird kompiliert ..\..\Source\AppWindowComponent.cpp)
c:\devel\workspaces\vst\wavex\source\DragConstrainer.h(35): warning C4100: "isStretchingRight": Unreferenzierter formaler Parameter (Quelldatei wird kompiliert ..\..\Source\AppWindowComponent.cpp)
c:\devel\workspaces\vst\wavex\source\DragConstrainer.h(34): warning C4100: "isStretchingBottom": Unreferenzierter formaler Parameter (Quelldatei wird kompiliert ..\..\Source\AppWindowComponent.cpp)
c:\devel\workspaces\vst\wavex\source\DragConstrainer.h(33): warning C4100: "isStretchingLeft": Unreferenzierter formaler Parameter (Quelldatei wird kompiliert ..\..\Source\AppWindowComponent.cpp)
c:\devel\workspaces\vst\wavex\source\DragConstrainer.h(32): warning C4100: "isStretchingTop": Unreferenzierter formaler Parameter (Quelldatei wird kompiliert ..\..\Source\AppWindowComponent.cpp)
c:\devel\workspaces\vst\wavex\source\DragConstrainer.h(31): warning C4100: "limits": Unreferenzierter formaler Parameter (Quelldatei wird kompiliert ..\..\Source\AppWindowComponent.cpp)
c:\devel\workspaces\vst\wavex\source\DragConstrainer.h(45): warning C4458: Deklaration von "raster" blendet Klassenmember aus (Quelldatei wird kompiliert ..\..\Source\AppWindowComponent.cpp)
  c:\devel\workspaces\vst\wavex\source\DragConstrainer.h(80): note: Siehe Deklaration von "DragConstrainer::raster" (Quelldatei wird kompiliert ..\..\Source\AppWindowComponent.cpp)
c:\devel\workspaces\vst\wavex\source\DragConstrainer.h(47): warning C4244: "Initialisierung": Konvertierung von "double" in "int", möglicher Datenverlust (Quelldatei wird kompiliert ..\..\Source\AppWindowComponent.cpp)
c:\devel\workspaces\vst\wavex\source\DragConstrainer.h(71): warning C4458: Deklaration von "raster" blendet Klassenmember aus (Quelldatei wird kompiliert ..\..\Source\AppWindowComponent.cpp)
  c:\devel\workspaces\vst\wavex\source\DragConstrainer.h(80): note: Siehe Deklaration von "DragConstrainer::raster" (Quelldatei wird kompiliert ..\..\Source\AppWindowComponent.cpp)
c:\devel\workspaces\vst\wavex\source\DragConstrainer.h(75): warning C4458: Deklaration von "tolerance" blendet Klassenmember aus (Quelldatei wird kompiliert ..\..\Source\AppWindowComponent.cpp)
  c:\devel\workspaces\vst\wavex\source\DragConstrainer.h(81): note: Siehe Deklaration von "DragConstrainer::tolerance" (Quelldatei wird kompiliert ..\..\Source\AppWindowComponent.cpp)
c:\devel\workspaces\vst\wavex\source\TrackPropertyConstrainer.h(32): warning C4100: "isStretchingRight": Unreferenzierter formaler Parameter (Quelldatei wird kompiliert ..\..\Source\AppWindowComponent.cpp)
c:\devel\workspaces\vst\wavex\source\TrackPropertyConstrainer.h(31): warning C4100: "isStretchingBottom": Unreferenzierter formaler Parameter (Quelldatei wird kompiliert ..\..\Source\AppWindowComponent.cpp)
c:\devel\workspaces\vst\wavex\source\TrackPropertyConstrainer.h(30): warning C4100: "isStretchingLeft": Unreferenzierter formaler Parameter (Quelldatei wird kompiliert ..\..\Source\AppWindowComponent.cpp)
c:\devel\workspaces\vst\wavex\source\TrackPropertyConstrainer.h(29): warning C4100: "isStretchingTop": Unreferenzierter formaler Parameter (Quelldatei wird kompiliert ..\..\Source\AppWindowComponent.cpp)
c:\devel\workspaces\vst\wavex\source\TrackPropertyConstrainer.h(28): warning C4100: "limits": Unreferenzierter formaler Parameter (Quelldatei wird kompiliert ..\..\Source\AppWindowComponent.cpp)
c:\devel\workspaces\vst\wavex\source\TrackPropertyConstrainer.h(27): warning C4100: "previousBounds": Unreferenzierter formaler Parameter (Quelldatei wird kompiliert ..\..\Source\AppWindowComponent.cpp)
c:\devel\workspaces\vst\wavex\source\MainComponent.cpp(109): warning C4458: Deklaration von "sampleRate" blendet Klassenmember aus (Quelldatei wird kompiliert ..\..\Source\Main.cpp)
  c:\devel\workspaces\vst\wavex\source\MainComponent.cpp(514): note: Siehe Deklaration von "MainContentComponent::sampleRate" (Quelldatei wird kompiliert ..\..\Source\Main.cpp)
c:\devel\workspaces\vst\wavex\source\MainComponent.cpp(132): warning C4100: "numOutputChannels": Unreferenzierter formaler Parameter (Quelldatei wird kompiliert ..\..\Source\Main.cpp)
c:\devel\workspaces\vst\wavex\source\MainComponent.cpp(130): warning C4100: "numInputChannels": Unreferenzierter formaler Parameter (Quelldatei wird kompiliert ..\..\Source\Main.cpp)
c:\devel\workspaces\vst\wavex\source\MainComponent.cpp(129): warning C4100: "inputChannelData": Unreferenzierter formaler Parameter (Quelldatei wird kompiliert ..\..\Source\Main.cpp)
c:\devel\workspaces\vst\wavex\source\MainComponent.cpp(198): warning C4100: "bufferToFill": Unreferenzierter formaler Parameter (Quelldatei wird kompiliert ..\..\Source\Main.cpp)
c:\devel\workspaces\vst\wavex\source\MainComponent.cpp(249): warning C4100: "source": Unreferenzierter formaler Parameter (Quelldatei wird kompiliert ..\..\Source\Main.cpp)
c:\devel\workspaces\vst\wavex\source\MainComponent.cpp(335): warning C4189: "numOutputChannels": Lokale Variable ist initialisiert aber nicht referenziert (Quelldatei wird kompiliert ..\..\Source\Main.cpp)
c:\devel\workspaces\vst\wavex\source\MainComponent.cpp(334): warning C4189: "numInputChannels": Lokale Variable ist initialisiert aber nicht referenziert (Quelldatei wird kompiliert ..\..\Source\Main.cpp)
c:\devel\workspaces\vst\wavex\source\MainComponent.cpp(402): warning C4458: Deklaration von "apfm" blendet Klassenmember aus (Quelldatei wird kompiliert ..\..\Source\Main.cpp)
  c:\devel\workspaces\vst\wavex\source\MainComponent.cpp(500): note: Siehe Deklaration von "MainContentComponent::apfm" (Quelldatei wird kompiliert ..\..\Source\Main.cpp)
c:\devel\workspaces\vst\wavex\source\MainComponent.cpp(568): warning C4100: "menuName": Unreferenzierter formaler Parameter (Quelldatei wird kompiliert ..\..\Source\Main.cpp)
c:\devel\workspaces\vst\wavex\source\MainComponent.cpp(593): warning C4100: "topLevelMenuIndex": Unreferenzierter formaler Parameter (Quelldatei wird kompiliert ..\..\Source\Main.cpp)
c:\devel\workspaces\vst\wavex\source\MainComponent.cpp(654): warning C4244: "=": Konvertierung von "double" in "long", möglicher Datenverlust (Quelldatei wird kompiliert ..\..\Source\Main.cpp)
c:\devel\workspaces\vst\wavex\source\MainComponent.cpp(659): warning C4244: "Initialisierung": Konvertierung von "double" in "int", möglicher Datenverlust (Quelldatei wird kompiliert ..\..\Source\Main.cpp)
c:\devel\workspaces\vst\wavex\source\MainComponent.cpp(662): warning C4267: "Argument": Konvertierung von "size_t" nach "int", Datenverlust möglich (Quelldatei wird kompiliert ..\..\Source\Main.cpp)
c:\devel\workspaces\vst\wavex\source\MainComponent.cpp(109): warning C4458: Deklaration von "sampleRate" blendet Klassenmember aus (Quelldatei wird kompiliert ..\..\Source\AppWindowComponent.cpp)
c:\devel\workspaces\vst\wavex\source\MainComponent.cpp(668): warning C4244: "Argument": Konvertierung von "double" in "int", möglicher Datenverlust (Quelldatei wird kompiliert ..\..\Source\Main.cpp)
  c:\devel\workspaces\vst\wavex\source\MainComponent.cpp(514): note: Siehe Deklaration von "MainContentComponent::sampleRate" (Quelldatei wird kompiliert ..\..\Source\AppWindowComponent.cpp)
c:\devel\workspaces\vst\wavex\source\AppViewPort.h(20): warning C4458: Deklaration von "timeLine" blendet Klassenmember aus (Quelldatei wird kompiliert ..\..\Source\Main.cpp)
  c:\devel\workspaces\vst\wavex\source\AppViewPort.h(40): note: Siehe Deklaration von "AppViewPort::timeLine" (Quelldatei wird kompiliert ..\..\Source\Main.cpp)
c:\devel\workspaces\vst\wavex\source\MainComponent.cpp(132): warning C4100: "numOutputChannels": Unreferenzierter formaler Parameter (Quelldatei wird kompiliert ..\..\Source\AppWindowComponent.cpp)
c:\devel\workspaces\vst\wavex\source\MainComponent.cpp(130): warning C4100: "numInputChannels": Unreferenzierter formaler Parameter (Quelldatei wird kompiliert ..\..\Source\AppWindowComponent.cpp)
c:\devel\workspaces\vst\wavex\source\MainComponent.cpp(129): warning C4100: "inputChannelData": Unreferenzierter formaler Parameter (Quelldatei wird kompiliert ..\..\Source\AppWindowComponent.cpp)
c:\devel\workspaces\vst\wavex\source\MainComponent.cpp(198): warning C4100: "bufferToFill": Unreferenzierter formaler Parameter (Quelldatei wird kompiliert ..\..\Source\AppWindowComponent.cpp)
c:\devel\workspaces\vst\wavex\source\MainComponent.cpp(249): warning C4100: "source": Unreferenzierter formaler Parameter (Quelldatei wird kompiliert ..\..\Source\AppWindowComponent.cpp)
..\..\Source\Main.cpp(27): warning C4100: "commandLine": Unreferenzierter formaler Parameter
..\..\Source\Main.cpp(50): warning C4100: "commandLine": Unreferenzierter formaler Parameter
c:\devel\workspaces\vst\wavex\source\MainComponent.cpp(335): warning C4189: "numOutputChannels": Lokale Variable ist initialisiert aber nicht referenziert (Quelldatei wird kompiliert ..\..\Source\AppWindowComponent.cpp)
c:\devel\workspaces\vst\wavex\source\MainComponent.cpp(334): warning C4189: "numInputChannels": Lokale Variable ist initialisiert aber nicht referenziert (Quelldatei wird kompiliert ..\..\Source\AppWindowComponent.cpp)
c:\devel\workspaces\vst\wavex\source\MainComponent.cpp(402): warning C4458: Deklaration von "apfm" blendet Klassenmember aus (Quelldatei wird kompiliert ..\..\Source\AppWindowComponent.cpp)
  c:\devel\workspaces\vst\wavex\source\MainComponent.cpp(500): note: Siehe Deklaration von "MainContentComponent::apfm" (Quelldatei wird kompiliert ..\..\Source\AppWindowComponent.cpp)
c:\devel\workspaces\vst\wavex\source\MainComponent.cpp(568): warning C4100: "menuName": Unreferenzierter formaler Parameter (Quelldatei wird kompiliert ..\..\Source\AppWindowComponent.cpp)
c:\devel\workspaces\vst\wavex\source\MainComponent.cpp(593): warning C4100: "topLevelMenuIndex": Unreferenzierter formaler Parameter (Quelldatei wird kompiliert ..\..\Source\AppWindowComponent.cpp)
c:\devel\workspaces\vst\wavex\source\MainComponent.cpp(654): warning C4244: "=": Konvertierung von "double" in "long", möglicher Datenverlust (Quelldatei wird kompiliert ..\..\Source\AppWindowComponent.cpp)
c:\devel\workspaces\vst\wavex\source\MainComponent.cpp(659): warning C4244: "Initialisierung": Konvertierung von "double" in "int", möglicher Datenverlust (Quelldatei wird kompiliert ..\..\Source\AppWindowComponent.cpp)
c:\devel\workspaces\vst\wavex\source\MainComponent.cpp(662): warning C4267: "Argument": Konvertierung von "size_t" nach "int", Datenverlust möglich (Quelldatei wird kompiliert ..\..\Source\AppWindowComponent.cpp)
c:\devel\workspaces\vst\wavex\source\MainComponent.cpp(668): warning C4244: "Argument": Konvertierung von "double" in "int", möglicher Datenverlust (Quelldatei wird kompiliert ..\..\Source\AppWindowComponent.cpp)
c:\devel\workspaces\vst\wavex\source\AppViewPort.h(20): warning C4458: Deklaration von "timeLine" blendet Klassenmember aus (Quelldatei wird kompiliert ..\..\Source\AppWindowComponent.cpp)
  c:\devel\workspaces\vst\wavex\source\AppViewPort.h(40): note: Siehe Deklaration von "AppViewPort::timeLine" (Quelldatei wird kompiliert ..\..\Source\AppWindowComponent.cpp)
c:\devel\workspaces\vst\wavex\source\DragConstrainer.h(42): warning C4244: "Argument": Konvertierung von "double" in "int", möglicher Datenverlust (Quelldatei wird kompiliert ..\..\Source\MainComponent.cpp)
c:\devel\workspaces\vst\wavex\source\DragConstrainer.h(35): warning C4100: "isStretchingRight": Unreferenzierter formaler Parameter (Quelldatei wird kompiliert ..\..\Source\MainComponent.cpp)
c:\devel\workspaces\vst\wavex\source\DragConstrainer.h(34): warning C4100: "isStretchingBottom": Unreferenzierter formaler Parameter (Quelldatei wird kompiliert ..\..\Source\MainComponent.cpp)
c:\devel\workspaces\vst\wavex\source\DragConstrainer.h(33): warning C4100: "isStretchingLeft": Unreferenzierter formaler Parameter (Quelldatei wird kompiliert ..\..\Source\MainComponent.cpp)
c:\devel\workspaces\vst\wavex\source\DragConstrainer.h(32): warning C4100: "isStretchingTop": Unreferenzierter formaler Parameter (Quelldatei wird kompiliert ..\..\Source\MainComponent.cpp)
c:\devel\workspaces\vst\wavex\source\DragConstrainer.h(31): warning C4100: "limits": Unreferenzierter formaler Parameter (Quelldatei wird kompiliert ..\..\Source\MainComponent.cpp)
c:\devel\workspaces\vst\wavex\source\DragConstrainer.h(45): warning C4458: Deklaration von "raster" blendet Klassenmember aus (Quelldatei wird kompiliert ..\..\Source\MainComponent.cpp)
  c:\devel\workspaces\vst\wavex\source\DragConstrainer.h(80): note: Siehe Deklaration von "DragConstrainer::raster" (Quelldatei wird kompiliert ..\..\Source\MainComponent.cpp)
c:\devel\workspaces\vst\wavex\source\DragConstrainer.h(47): warning C4244: "Initialisierung": Konvertierung von "double" in "int", möglicher Datenverlust (Quelldatei wird kompiliert ..\..\Source\MainComponent.cpp)
c:\devel\workspaces\vst\wavex\source\DragConstrainer.h(71): warning C4458: Deklaration von "raster" blendet Klassenmember aus (Quelldatei wird kompiliert ..\..\Source\MainComponent.cpp)
  c:\devel\workspaces\vst\wavex\source\DragConstrainer.h(80): note: Siehe Deklaration von "DragConstrainer::raster" (Quelldatei wird kompiliert ..\..\Source\MainComponent.cpp)
c:\devel\workspaces\vst\wavex\source\DragConstrainer.h(75): warning C4458: Deklaration von "tolerance" blendet Klassenmember aus (Quelldatei wird kompiliert ..\..\Source\MainComponent.cpp)
  c:\devel\workspaces\vst\wavex\source\DragConstrainer.h(81): note: Siehe Deklaration von "DragConstrainer::tolerance" (Quelldatei wird kompiliert ..\..\Source\MainComponent.cpp)
..\..\Source\AppWindowComponent.cpp(143): warning C4100: "event": Unreferenzierter formaler Parameter
c:\devel\workspaces\vst\wavex\source\TrackPropertyConstrainer.h(32): warning C4100: "isStretchingRight": Unreferenzierter formaler Parameter (Quelldatei wird kompiliert ..\..\Source\MainComponent.cpp)
c:\devel\workspaces\vst\wavex\source\TrackPropertyConstrainer.h(31): warning C4100: "isStretchingBottom": Unreferenzierter formaler Parameter (Quelldatei wird kompiliert ..\..\Source\MainComponent.cpp)
c:\devel\workspaces\vst\wavex\source\TrackPropertyConstrainer.h(30): warning C4100: "isStretchingLeft": Unreferenzierter formaler Parameter (Quelldatei wird kompiliert ..\..\Source\MainComponent.cpp)
c:\devel\workspaces\vst\wavex\source\TrackPropertyConstrainer.h(29): warning C4100: "isStretchingTop": Unreferenzierter formaler Parameter (Quelldatei wird kompiliert ..\..\Source\MainComponent.cpp)
c:\devel\workspaces\vst\wavex\source\TrackPropertyConstrainer.h(28): warning C4100: "limits": Unreferenzierter formaler Parameter (Quelldatei wird kompiliert ..\..\Source\MainComponent.cpp)
c:\devel\workspaces\vst\wavex\source\TrackPropertyConstrainer.h(27): warning C4100: "previousBounds": Unreferenzierter formaler Parameter (Quelldatei wird kompiliert ..\..\Source\MainComponent.cpp)
..\..\Source\MainComponent.cpp(109): warning C4458: Deklaration von "sampleRate" blendet Klassenmember aus
  ..\..\Source\MainComponent.cpp(514): note: Siehe Deklaration von "MainContentComponent::sampleRate"
..\..\Source\MainComponent.cpp(132): warning C4100: "numOutputChannels": Unreferenzierter formaler Parameter
..\..\Source\MainComponent.cpp(130): warning C4100: "numInputChannels": Unreferenzierter formaler Parameter
..\..\Source\MainComponent.cpp(129): warning C4100: "inputChannelData": Unreferenzierter formaler Parameter
..\..\Source\MainComponent.cpp(198): warning C4100: "bufferToFill": Unreferenzierter formaler Parameter
..\..\Source\MainComponent.cpp(249): warning C4100: "source": Unreferenzierter formaler Parameter
..\..\Source\MainComponent.cpp(335): warning C4189: "numOutputChannels": Lokale Variable ist initialisiert aber nicht referenziert
..\..\Source\MainComponent.cpp(334): warning C4189: "numInputChannels": Lokale Variable ist initialisiert aber nicht referenziert
..\..\Source\MainComponent.cpp(402): warning C4458: Deklaration von "apfm" blendet Klassenmember aus
  ..\..\Source\MainComponent.cpp(500): note: Siehe Deklaration von "MainContentComponent::apfm"
..\..\Source\MainComponent.cpp(568): warning C4100: "menuName": Unreferenzierter formaler Parameter
..\..\Source\MainComponent.cpp(593): warning C4100: "topLevelMenuIndex": Unreferenzierter formaler Parameter
..\..\Source\MainComponent.cpp(654): warning C4244: "=": Konvertierung von "double" in "long", möglicher Datenverlust
..\..\Source\MainComponent.cpp(659): warning C4244: "Initialisierung": Konvertierung von "double" in "int", möglicher Datenverlust
..\..\Source\MainComponent.cpp(662): warning C4267: "Argument": Konvertierung von "size_t" nach "int", Datenverlust möglich
..\..\Source\MainComponent.cpp(668): warning C4244: "Argument": Konvertierung von "double" in "int", möglicher Datenverlust
c:\devel\workspaces\vst\wavex\source\DragConstrainer.h(42): warning C4244: "Argument": Konvertierung von "double" in "int", möglicher Datenverlust (Quelldatei wird kompiliert ..\..\Source\MasterChannelPanel.cpp)
c:\devel\workspaces\vst\wavex\source\DragConstrainer.h(35): warning C4100: "isStretchingRight": Unreferenzierter formaler Parameter (Quelldatei wird kompiliert ..\..\Source\MasterChannelPanel.cpp)
c:\devel\workspaces\vst\wavex\source\DragConstrainer.h(34): warning C4100: "isStretchingBottom": Unreferenzierter formaler Parameter (Quelldatei wird kompiliert ..\..\Source\MasterChannelPanel.cpp)
c:\devel\workspaces\vst\wavex\source\DragConstrainer.h(33): warning C4100: "isStretchingLeft": Unreferenzierter formaler Parameter (Quelldatei wird kompiliert ..\..\Source\MasterChannelPanel.cpp)
c:\devel\workspaces\vst\wavex\source\DragConstrainer.h(32): warning C4100: "isStretchingTop": Unreferenzierter formaler Parameter (Quelldatei wird kompiliert ..\..\Source\MasterChannelPanel.cpp)
c:\devel\workspaces\vst\wavex\source\DragConstrainer.h(31): warning C4100: "limits": Unreferenzierter formaler Parameter (Quelldatei wird kompiliert ..\..\Source\MasterChannelPanel.cpp)
c:\devel\workspaces\vst\wavex\source\DragConstrainer.h(45): warning C4458: Deklaration von "raster" blendet Klassenmember aus (Quelldatei wird kompiliert ..\..\Source\MasterChannelPanel.cpp)
  c:\devel\workspaces\vst\wavex\source\DragConstrainer.h(80): note: Siehe Deklaration von "DragConstrainer::raster" (Quelldatei wird kompiliert ..\..\Source\MasterChannelPanel.cpp)
c:\devel\workspaces\vst\wavex\source\DragConstrainer.h(47): warning C4244: "Initialisierung": Konvertierung von "double" in "int", möglicher Datenverlust (Quelldatei wird kompiliert ..\..\Source\MasterChannelPanel.cpp)
c:\devel\workspaces\vst\wavex\source\DragConstrainer.h(71): warning C4458: Deklaration von "raster" blendet Klassenmember aus (Quelldatei wird kompiliert ..\..\Source\MasterChannelPanel.cpp)
  c:\devel\workspaces\vst\wavex\source\DragConstrainer.h(80): note: Siehe Deklaration von "DragConstrainer::raster" (Quelldatei wird kompiliert ..\..\Source\MasterChannelPanel.cpp)
c:\devel\workspaces\vst\wavex\source\DragConstrainer.h(75): warning C4458: Deklaration von "tolerance" blendet Klassenmember aus (Quelldatei wird kompiliert ..\..\Source\MasterChannelPanel.cpp)
  c:\devel\workspaces\vst\wavex\source\DragConstrainer.h(81): note: Siehe Deklaration von "DragConstrainer::tolerance" (Quelldatei wird kompiliert ..\..\Source\MasterChannelPanel.cpp)
c:\devel\workspaces\vst\wavex\source\TrackPropertyConstrainer.h(32): warning C4100: "isStretchingRight": Unreferenzierter formaler Parameter (Quelldatei wird kompiliert ..\..\Source\MasterChannelPanel.cpp)
c:\devel\workspaces\vst\wavex\source\TrackPropertyConstrainer.h(31): warning C4100: "isStretchingBottom": Unreferenzierter formaler Parameter (Quelldatei wird kompiliert ..\..\Source\MasterChannelPanel.cpp)
c:\devel\workspaces\vst\wavex\source\TrackPropertyConstrainer.h(30): warning C4100: "isStretchingLeft": Unreferenzierter formaler Parameter (Quelldatei wird kompiliert ..\..\Source\MasterChannelPanel.cpp)
c:\devel\workspaces\vst\wavex\source\TrackPropertyConstrainer.h(29): warning C4100: "isStretchingTop": Unreferenzierter formaler Parameter (Quelldatei wird kompiliert ..\..\Source\MasterChannelPanel.cpp)
c:\devel\workspaces\vst\wavex\source\TrackPropertyConstrainer.h(28): warning C4100: "limits": Unreferenzierter formaler Parameter (Quelldatei wird kompiliert ..\..\Source\MasterChannelPanel.cpp)
c:\devel\workspaces\vst\wavex\source\TrackPropertyConstrainer.h(27): warning C4100: "previousBounds": Unreferenzierter formaler Parameter (Quelldatei wird kompiliert ..\..\Source\MasterChannelPanel.cpp)
c:\devel\workspaces\vst\wavex\source\MainComponent.cpp(109): warning C4458: Deklaration von "sampleRate" blendet Klassenmember aus (Quelldatei wird kompiliert ..\..\Source\MasterChannelPanel.cpp)
  c:\devel\workspaces\vst\wavex\source\MainComponent.cpp(514): note: Siehe Deklaration von "MainContentComponent::sampleRate" (Quelldatei wird kompiliert ..\..\Source\MasterChannelPanel.cpp)
c:\devel\workspaces\vst\wavex\source\MainComponent.cpp(132): warning C4100: "numOutputChannels": Unreferenzierter formaler Parameter (Quelldatei wird kompiliert ..\..\Source\MasterChannelPanel.cpp)
c:\devel\workspaces\vst\wavex\source\MainComponent.cpp(130): warning C4100: "numInputChannels": Unreferenzierter formaler Parameter (Quelldatei wird kompiliert ..\..\Source\MasterChannelPanel.cpp)
c:\devel\workspaces\vst\wavex\source\MainComponent.cpp(129): warning C4100: "inputChannelData": Unreferenzierter formaler Parameter (Quelldatei wird kompiliert ..\..\Source\MasterChannelPanel.cpp)
c:\devel\workspaces\vst\wavex\source\MainComponent.cpp(198): warning C4100: "bufferToFill": Unreferenzierter formaler Parameter (Quelldatei wird kompiliert ..\..\Source\MasterChannelPanel.cpp)
c:\devel\workspaces\vst\wavex\source\MainComponent.cpp(249): warning C4100: "source": Unreferenzierter formaler Parameter (Quelldatei wird kompiliert ..\..\Source\MasterChannelPanel.cpp)
c:\devel\workspaces\vst\wavex\source\MainComponent.cpp(335): warning C4189: "numOutputChannels": Lokale Variable ist initialisiert aber nicht referenziert (Quelldatei wird kompiliert ..\..\Source\MasterChannelPanel.cpp)
c:\devel\workspaces\vst\wavex\source\MainComponent.cpp(334): warning C4189: "numInputChannels": Lokale Variable ist initialisiert aber nicht referenziert (Quelldatei wird kompiliert ..\..\Source\MasterChannelPanel.cpp)
c:\devel\workspaces\vst\wavex\source\MainComponent.cpp(402): warning C4458: Deklaration von "apfm" blendet Klassenmember aus (Quelldatei wird kompiliert ..\..\Source\MasterChannelPanel.cpp)
  c:\devel\workspaces\vst\wavex\source\MainComponent.cpp(500): note: Siehe Deklaration von "MainContentComponent::apfm" (Quelldatei wird kompiliert ..\..\Source\MasterChannelPanel.cpp)
c:\devel\workspaces\vst\wavex\source\MainComponent.cpp(568): warning C4100: "menuName": Unreferenzierter formaler Parameter (Quelldatei wird kompiliert ..\..\Source\MasterChannelPanel.cpp)
c:\devel\workspaces\vst\wavex\source\MainComponent.cpp(593): warning C4100: "topLevelMenuIndex": Unreferenzierter formaler Parameter (Quelldatei wird kompiliert ..\..\Source\MasterChannelPanel.cpp)
c:\devel\workspaces\vst\wavex\source\MainComponent.cpp(654): warning C4244: "=": Konvertierung von "double" in "long", möglicher Datenverlust (Quelldatei wird kompiliert ..\..\Source\MasterChannelPanel.cpp)
c:\devel\workspaces\vst\wavex\source\MainComponent.cpp(659): warning C4244: "Initialisierung": Konvertierung von "double" in "int", möglicher Datenverlust (Quelldatei wird kompiliert ..\..\Source\MasterChannelPanel.cpp)
c:\devel\workspaces\vst\wavex\source\MainComponent.cpp(662): warning C4267: "Argument": Konvertierung von "size_t" nach "int", Datenverlust möglich (Quelldatei wird kompiliert ..\..\Source\MasterChannelPanel.cpp)
c:\devel\workspaces\vst\wavex\source\MainComponent.cpp(668): warning C4244: "Argument": Konvertierung von "double" in "int", möglicher Datenverlust (Quelldatei wird kompiliert ..\..\Source\MasterChannelPanel.cpp)
  MixerPanel.cpp
  PositionMarker.cpp
  ToolbarPanel.cpp
  TrackPropertyPanel.cpp
c:\devel\workspaces\vst\wavex\source\DragConstrainer.h(42): warning C4244: "Argument": Konvertierung von "double" in "int", möglicher Datenverlust (Quelldatei wird kompiliert ..\..\Source\MixerPanel.cpp)
c:\devel\workspaces\vst\wavex\source\DragConstrainer.h(35): warning C4100: "isStretchingRight": Unreferenzierter formaler Parameter (Quelldatei wird kompiliert ..\..\Source\MixerPanel.cpp)
c:\devel\workspaces\vst\wavex\source\DragConstrainer.h(34): warning C4100: "isStretchingBottom": Unreferenzierter formaler Parameter (Quelldatei wird kompiliert ..\..\Source\MixerPanel.cpp)
c:\devel\workspaces\vst\wavex\source\DragConstrainer.h(33): warning C4100: "isStretchingLeft": Unreferenzierter formaler Parameter (Quelldatei wird kompiliert ..\..\Source\MixerPanel.cpp)
c:\devel\workspaces\vst\wavex\source\DragConstrainer.h(32): warning C4100: "isStretchingTop": Unreferenzierter formaler Parameter (Quelldatei wird kompiliert ..\..\Source\MixerPanel.cpp)
c:\devel\workspaces\vst\wavex\source\DragConstrainer.h(31): warning C4100: "limits": Unreferenzierter formaler Parameter (Quelldatei wird kompiliert ..\..\Source\MixerPanel.cpp)
c:\devel\workspaces\vst\wavex\source\DragConstrainer.h(45): warning C4458: Deklaration von "raster" blendet Klassenmember aus (Quelldatei wird kompiliert ..\..\Source\MixerPanel.cpp)
  c:\devel\workspaces\vst\wavex\source\DragConstrainer.h(80): note: Siehe Deklaration von "DragConstrainer::raster" (Quelldatei wird kompiliert ..\..\Source\MixerPanel.cpp)
c:\devel\workspaces\vst\wavex\source\DragConstrainer.h(47): warning C4244: "Initialisierung": Konvertierung von "double" in "int", möglicher Datenverlust (Quelldatei wird kompiliert ..\..\Source\MixerPanel.cpp)
c:\devel\workspaces\vst\wavex\source\DragConstrainer.h(71): warning C4458: Deklaration von "raster" blendet Klassenmember aus (Quelldatei wird kompiliert ..\..\Source\MixerPanel.cpp)
  c:\devel\workspaces\vst\wavex\source\DragConstrainer.h(80): note: Siehe Deklaration von "DragConstrainer::raster" (Quelldatei wird kompiliert ..\..\Source\MixerPanel.cpp)
c:\devel\workspaces\vst\wavex\source\DragConstrainer.h(75): warning C4458: Deklaration von "tolerance" blendet Klassenmember aus (Quelldatei wird kompiliert ..\..\Source\MixerPanel.cpp)
  c:\devel\workspaces\vst\wavex\source\DragConstrainer.h(81): note: Siehe Deklaration von "DragConstrainer::tolerance" (Quelldatei wird kompiliert ..\..\Source\MixerPanel.cpp)
c:\devel\workspaces\vst\wavex\source\TrackPropertyConstrainer.h(32): warning C4100: "isStretchingRight": Unreferenzierter formaler Parameter (Quelldatei wird kompiliert ..\..\Source\MixerPanel.cpp)
c:\devel\workspaces\vst\wavex\source\TrackPropertyConstrainer.h(31): warning C4100: "isStretchingBottom": Unreferenzierter formaler Parameter (Quelldatei wird kompiliert ..\..\Source\MixerPanel.cpp)
c:\devel\workspaces\vst\wavex\source\TrackPropertyConstrainer.h(30): warning C4100: "isStretchingLeft": Unreferenzierter formaler Parameter (Quelldatei wird kompiliert ..\..\Source\MixerPanel.cpp)
c:\devel\workspaces\vst\wavex\source\TrackPropertyConstrainer.h(29): warning C4100: "isStretchingTop": Unreferenzierter formaler Parameter (Quelldatei wird kompiliert ..\..\Source\MixerPanel.cpp)
c:\devel\workspaces\vst\wavex\source\TrackPropertyConstrainer.h(28): warning C4100: "limits": Unreferenzierter formaler Parameter (Quelldatei wird kompiliert ..\..\Source\MixerPanel.cpp)
c:\devel\workspaces\vst\wavex\source\TrackPropertyConstrainer.h(27): warning C4100: "previousBounds": Unreferenzierter formaler Parameter (Quelldatei wird kompiliert ..\..\Source\MixerPanel.cpp)
c:\devel\workspaces\vst\wavex\source\MainComponent.cpp(109): warning C4458: Deklaration von "sampleRate" blendet Klassenmember aus (Quelldatei wird kompiliert ..\..\Source\MixerPanel.cpp)
  c:\devel\workspaces\vst\wavex\source\MainComponent.cpp(514): note: Siehe Deklaration von "MainContentComponent::sampleRate" (Quelldatei wird kompiliert ..\..\Source\MixerPanel.cpp)
c:\devel\workspaces\vst\wavex\source\MainComponent.cpp(132): warning C4100: "numOutputChannels": Unreferenzierter formaler Parameter (Quelldatei wird kompiliert ..\..\Source\MixerPanel.cpp)
c:\devel\workspaces\vst\wavex\source\MainComponent.cpp(130): warning C4100: "numInputChannels": Unreferenzierter formaler Parameter (Quelldatei wird kompiliert ..\..\Source\MixerPanel.cpp)
c:\devel\workspaces\vst\wavex\source\MainComponent.cpp(129): warning C4100: "inputChannelData": Unreferenzierter formaler Parameter (Quelldatei wird kompiliert ..\..\Source\MixerPanel.cpp)
c:\devel\workspaces\vst\wavex\source\MainComponent.cpp(198): warning C4100: "bufferToFill": Unreferenzierter formaler Parameter (Quelldatei wird kompiliert ..\..\Source\MixerPanel.cpp)
c:\devel\workspaces\vst\wavex\source\MainComponent.cpp(249): warning C4100: "source": Unreferenzierter formaler Parameter (Quelldatei wird kompiliert ..\..\Source\MixerPanel.cpp)
c:\devel\workspaces\vst\wavex\source\MainComponent.cpp(335): warning C4189: "numOutputChannels": Lokale Variable ist initialisiert aber nicht referenziert (Quelldatei wird kompiliert ..\..\Source\MixerPanel.cpp)
c:\devel\workspaces\vst\wavex\source\MainComponent.cpp(334): warning C4189: "numInputChannels": Lokale Variable ist initialisiert aber nicht referenziert (Quelldatei wird kompiliert ..\..\Source\MixerPanel.cpp)
c:\devel\workspaces\vst\wavex\source\MainComponent.cpp(402): warning C4458: Deklaration von "apfm" blendet Klassenmember aus (Quelldatei wird kompiliert ..\..\Source\MixerPanel.cpp)
  c:\devel\workspaces\vst\wavex\source\MainComponent.cpp(500): note: Siehe Deklaration von "MainContentComponent::apfm" (Quelldatei wird kompiliert ..\..\Source\MixerPanel.cpp)
c:\devel\workspaces\vst\wavex\source\MainComponent.cpp(568): warning C4100: "menuName": Unreferenzierter formaler Parameter (Quelldatei wird kompiliert ..\..\Source\MixerPanel.cpp)
c:\devel\workspaces\vst\wavex\source\MainComponent.cpp(593): warning C4100: "topLevelMenuIndex": Unreferenzierter formaler Parameter (Quelldatei wird kompiliert ..\..\Source\MixerPanel.cpp)
c:\devel\workspaces\vst\wavex\source\MainComponent.cpp(654): warning C4244: "=": Konvertierung von "double" in "long", möglicher Datenverlust (Quelldatei wird kompiliert ..\..\Source\MixerPanel.cpp)
c:\devel\workspaces\vst\wavex\source\MainComponent.cpp(659): warning C4244: "Initialisierung": Konvertierung von "double" in "int", möglicher Datenverlust (Quelldatei wird kompiliert ..\..\Source\MixerPanel.cpp)
c:\devel\workspaces\vst\wavex\source\MainComponent.cpp(662): warning C4267: "Argument": Konvertierung von "size_t" nach "int", Datenverlust möglich (Quelldatei wird kompiliert ..\..\Source\MixerPanel.cpp)
c:\devel\workspaces\vst\wavex\source\MainComponent.cpp(668): warning C4244: "Argument": Konvertierung von "double" in "int", möglicher Datenverlust (Quelldatei wird kompiliert ..\..\Source\MixerPanel.cpp)
..\..\Source\MixerPanel.cpp(102): warning C4267: "Argument": Konvertierung von "size_t" nach "int", Datenverlust möglich
c:\devel\workspaces\vst\wavex\source\DragConstrainer.h(42): warning C4244: "Argument": Konvertierung von "double" in "int", möglicher Datenverlust (Quelldatei wird kompiliert ..\..\Source\PositionMarker.cpp)
c:\devel\workspaces\vst\wavex\source\DragConstrainer.h(35): warning C4100: "isStretchingRight": Unreferenzierter formaler Parameter (Quelldatei wird kompiliert ..\..\Source\PositionMarker.cpp)
c:\devel\workspaces\vst\wavex\source\DragConstrainer.h(34): warning C4100: "isStretchingBottom": Unreferenzierter formaler Parameter (Quelldatei wird kompiliert ..\..\Source\PositionMarker.cpp)
c:\devel\workspaces\vst\wavex\source\DragConstrainer.h(33): warning C4100: "isStretchingLeft": Unreferenzierter formaler Parameter (Quelldatei wird kompiliert ..\..\Source\PositionMarker.cpp)
c:\devel\workspaces\vst\wavex\source\DragConstrainer.h(32): warning C4100: "isStretchingTop": Unreferenzierter formaler Parameter (Quelldatei wird kompiliert ..\..\Source\PositionMarker.cpp)
c:\devel\workspaces\vst\wavex\source\DragConstrainer.h(31): warning C4100: "limits": Unreferenzierter formaler Parameter (Quelldatei wird kompiliert ..\..\Source\PositionMarker.cpp)
c:\devel\workspaces\vst\wavex\source\DragConstrainer.h(45): warning C4458: Deklaration von "raster" blendet Klassenmember aus (Quelldatei wird kompiliert ..\..\Source\PositionMarker.cpp)
  c:\devel\workspaces\vst\wavex\source\DragConstrainer.h(80): note: Siehe Deklaration von "DragConstrainer::raster" (Quelldatei wird kompiliert ..\..\Source\PositionMarker.cpp)
c:\devel\workspaces\vst\wavex\source\DragConstrainer.h(47): warning C4244: "Initialisierung": Konvertierung von "double" in "int", möglicher Datenverlust (Quelldatei wird kompiliert ..\..\Source\PositionMarker.cpp)
c:\devel\workspaces\vst\wavex\source\DragConstrainer.h(71): warning C4458: Deklaration von "raster" blendet Klassenmember aus (Quelldatei wird kompiliert ..\..\Source\PositionMarker.cpp)
  c:\devel\workspaces\vst\wavex\source\DragConstrainer.h(80): note: Siehe Deklaration von "DragConstrainer::raster" (Quelldatei wird kompiliert ..\..\Source\PositionMarker.cpp)
c:\devel\workspaces\vst\wavex\source\DragConstrainer.h(75): warning C4458: Deklaration von "tolerance" blendet Klassenmember aus (Quelldatei wird kompiliert ..\..\Source\PositionMarker.cpp)
  c:\devel\workspaces\vst\wavex\source\DragConstrainer.h(81): note: Siehe Deklaration von "DragConstrainer::tolerance" (Quelldatei wird kompiliert ..\..\Source\PositionMarker.cpp)
c:\devel\workspaces\vst\wavex\source\TrackPropertyConstrainer.h(32): warning C4100: "isStretchingRight": Unreferenzierter formaler Parameter (Quelldatei wird kompiliert ..\..\Source\PositionMarker.cpp)
c:\devel\workspaces\vst\wavex\source\TrackPropertyConstrainer.h(31): warning C4100: "isStretchingBottom": Unreferenzierter formaler Parameter (Quelldatei wird kompiliert ..\..\Source\PositionMarker.cpp)
c:\devel\workspaces\vst\wavex\source\TrackPropertyConstrainer.h(30): warning C4100: "isStretchingLeft": Unreferenzierter formaler Parameter (Quelldatei wird kompiliert ..\..\Source\PositionMarker.cpp)
c:\devel\workspaces\vst\wavex\source\TrackPropertyConstrainer.h(29): warning C4100: "isStretchingTop": Unreferenzierter formaler Parameter (Quelldatei wird kompiliert ..\..\Source\PositionMarker.cpp)
c:\devel\workspaces\vst\wavex\source\TrackPropertyConstrainer.h(28): warning C4100: "limits": Unreferenzierter formaler Parameter (Quelldatei wird kompiliert ..\..\Source\PositionMarker.cpp)
c:\devel\workspaces\vst\wavex\source\TrackPropertyConstrainer.h(27): warning C4100: "previousBounds": Unreferenzierter formaler Parameter (Quelldatei wird kompiliert ..\..\Source\PositionMarker.cpp)
c:\devel\workspaces\vst\wavex\source\MainComponent.cpp(109): warning C4458: Deklaration von "sampleRate" blendet Klassenmember aus (Quelldatei wird kompiliert ..\..\Source\PositionMarker.cpp)
  c:\devel\workspaces\vst\wavex\source\MainComponent.cpp(514): note: Siehe Deklaration von "MainContentComponent::sampleRate" (Quelldatei wird kompiliert ..\..\Source\PositionMarker.cpp)
c:\devel\workspaces\vst\wavex\source\MainComponent.cpp(132): warning C4100: "numOutputChannels": Unreferenzierter formaler Parameter (Quelldatei wird kompiliert ..\..\Source\PositionMarker.cpp)
c:\devel\workspaces\vst\wavex\source\MainComponent.cpp(130): warning C4100: "numInputChannels": Unreferenzierter formaler Parameter (Quelldatei wird kompiliert ..\..\Source\PositionMarker.cpp)
c:\devel\workspaces\vst\wavex\source\MainComponent.cpp(129): warning C4100: "inputChannelData": Unreferenzierter formaler Parameter (Quelldatei wird kompiliert ..\..\Source\PositionMarker.cpp)
c:\devel\workspaces\vst\wavex\source\MainComponent.cpp(198): warning C4100: "bufferToFill": Unreferenzierter formaler Parameter (Quelldatei wird kompiliert ..\..\Source\PositionMarker.cpp)
c:\devel\workspaces\vst\wavex\source\MainComponent.cpp(249): warning C4100: "source": Unreferenzierter formaler Parameter (Quelldatei wird kompiliert ..\..\Source\PositionMarker.cpp)
c:\devel\workspaces\vst\wavex\source\MainComponent.cpp(335): warning C4189: "numOutputChannels": Lokale Variable ist initialisiert aber nicht referenziert (Quelldatei wird kompiliert ..\..\Source\PositionMarker.cpp)
c:\devel\workspaces\vst\wavex\source\MainComponent.cpp(334): warning C4189: "numInputChannels": Lokale Variable ist initialisiert aber nicht referenziert (Quelldatei wird kompiliert ..\..\Source\PositionMarker.cpp)
c:\devel\workspaces\vst\wavex\source\MainComponent.cpp(402): warning C4458: Deklaration von "apfm" blendet Klassenmember aus (Quelldatei wird kompiliert ..\..\Source\PositionMarker.cpp)
  c:\devel\workspaces\vst\wavex\source\MainComponent.cpp(500): note: Siehe Deklaration von "MainContentComponent::apfm" (Quelldatei wird kompiliert ..\..\Source\PositionMarker.cpp)
c:\devel\workspaces\vst\wavex\source\MainComponent.cpp(568): warning C4100: "menuName": Unreferenzierter formaler Parameter (Quelldatei wird kompiliert ..\..\Source\PositionMarker.cpp)
c:\devel\workspaces\vst\wavex\source\MainComponent.cpp(593): warning C4100: "topLevelMenuIndex": Unreferenzierter formaler Parameter (Quelldatei wird kompiliert ..\..\Source\PositionMarker.cpp)
c:\devel\workspaces\vst\wavex\source\MainComponent.cpp(654): warning C4244: "=": Konvertierung von "double" in "long", möglicher Datenverlust (Quelldatei wird kompiliert ..\..\Source\PositionMarker.cpp)
c:\devel\workspaces\vst\wavex\source\MainComponent.cpp(659): warning C4244: "Initialisierung": Konvertierung von "double" in "int", möglicher Datenverlust (Quelldatei wird kompiliert ..\..\Source\PositionMarker.cpp)
c:\devel\workspaces\vst\wavex\source\MainComponent.cpp(662): warning C4267: "Argument": Konvertierung von "size_t" nach "int", Datenverlust möglich (Quelldatei wird kompiliert ..\..\Source\PositionMarker.cpp)
c:\devel\workspaces\vst\wavex\source\MainComponent.cpp(668): warning C4244: "Argument": Konvertierung von "double" in "int", möglicher Datenverlust (Quelldatei wird kompiliert ..\..\Source\PositionMarker.cpp)
..\..\Source\PositionMarker.cpp(34): warning C4244: "Argument": Konvertierung von "double" in "int", möglicher Datenverlust
..\..\Source\PositionMarker.cpp(39): warning C4458: Deklaration von "width" blendet Klassenmember aus
  c:\devel\workspaces\vst\wavex\source\PositionMarker.h(44): note: Siehe Deklaration von "PositionMarker::width" (Quelldatei wird kompiliert ..\..\Source\PositionMarker.cpp)
..\..\Source\PositionMarker.cpp(39): warning C4458: Deklaration von "height" blendet Klassenmember aus
  c:\devel\workspaces\vst\wavex\source\PositionMarker.h(45): note: Siehe Deklaration von "PositionMarker::height" (Quelldatei wird kompiliert ..\..\Source\PositionMarker.cpp)
..\..\Source\PositionMarker.cpp(39): warning C4100: "width": Unreferenzierter formaler Parameter
..\..\Source\PositionMarker.cpp(70): warning C4458: Deklaration von "x" blendet Klassenmember aus
  c:\devel\workspaces\vst\wavex\source\PositionMarker.h(42): note: Siehe Deklaration von "PositionMarker::x" (Quelldatei wird kompiliert ..\..\Source\PositionMarker.cpp)
..\..\Source\PositionMarker.cpp(70): warning C4458: Deklaration von "y" blendet Klassenmember aus
  c:\devel\workspaces\vst\wavex\source\PositionMarker.h(43): note: Siehe Deklaration von "PositionMarker::y" (Quelldatei wird kompiliert ..\..\Source\PositionMarker.cpp)
..\..\Source\PositionMarker.cpp(70): warning C4458: Deklaration von "width" blendet Klassenmember aus
  c:\devel\workspaces\vst\wavex\source\PositionMarker.h(44): note: Siehe Deklaration von "PositionMarker::width" (Quelldatei wird kompiliert ..\..\Source\PositionMarker.cpp)
..\..\Source\PositionMarker.cpp(70): warning C4458: Deklaration von "height" blendet Klassenmember aus
  c:\devel\workspaces\vst\wavex\source\PositionMarker.h(45): note: Siehe Deklaration von "PositionMarker::height" (Quelldatei wird kompiliert ..\..\Source\PositionMarker.cpp)
c:\devel\workspaces\vst\wavex\source\DragConstrainer.h(42): warning C4244: "Argument": Konvertierung von "double" in "int", möglicher Datenverlust (Quelldatei wird kompiliert ..\..\Source\ToolbarPanel.cpp)
c:\devel\workspaces\vst\wavex\source\DragConstrainer.h(35): warning C4100: "isStretchingRight": Unreferenzierter formaler Parameter (Quelldatei wird kompiliert ..\..\Source\ToolbarPanel.cpp)
c:\devel\workspaces\vst\wavex\source\DragConstrainer.h(34): warning C4100: "isStretchingBottom": Unreferenzierter formaler Parameter (Quelldatei wird kompiliert ..\..\Source\ToolbarPanel.cpp)
c:\devel\workspaces\vst\wavex\source\DragConstrainer.h(33): warning C4100: "isStretchingLeft": Unreferenzierter formaler Parameter (Quelldatei wird kompiliert ..\..\Source\ToolbarPanel.cpp)
c:\devel\workspaces\vst\wavex\source\DragConstrainer.h(32): warning C4100: "isStretchingTop": Unreferenzierter formaler Parameter (Quelldatei wird kompiliert ..\..\Source\ToolbarPanel.cpp)
c:\devel\workspaces\vst\wavex\source\DragConstrainer.h(31): warning C4100: "limits": Unreferenzierter formaler Parameter (Quelldatei wird kompiliert ..\..\Source\ToolbarPanel.cpp)
c:\devel\workspaces\vst\wavex\source\DragConstrainer.h(45): warning C4458: Deklaration von "raster" blendet Klassenmember aus (Quelldatei wird kompiliert ..\..\Source\ToolbarPanel.cpp)
  c:\devel\workspaces\vst\wavex\source\DragConstrainer.h(80): note: Siehe Deklaration von "DragConstrainer::raster" (Quelldatei wird kompiliert ..\..\Source\ToolbarPanel.cpp)
c:\devel\workspaces\vst\wavex\source\DragConstrainer.h(47): warning C4244: "Initialisierung": Konvertierung von "double" in "int", möglicher Datenverlust (Quelldatei wird kompiliert ..\..\Source\ToolbarPanel.cpp)
c:\devel\workspaces\vst\wavex\source\DragConstrainer.h(71): warning C4458: Deklaration von "raster" blendet Klassenmember aus (Quelldatei wird kompiliert ..\..\Source\ToolbarPanel.cpp)
  c:\devel\workspaces\vst\wavex\source\DragConstrainer.h(80): note: Siehe Deklaration von "DragConstrainer::raster" (Quelldatei wird kompiliert ..\..\Source\ToolbarPanel.cpp)
c:\devel\workspaces\vst\wavex\source\DragConstrainer.h(75): warning C4458: Deklaration von "tolerance" blendet Klassenmember aus (Quelldatei wird kompiliert ..\..\Source\ToolbarPanel.cpp)
  c:\devel\workspaces\vst\wavex\source\DragConstrainer.h(81): note: Siehe Deklaration von "DragConstrainer::tolerance" (Quelldatei wird kompiliert ..\..\Source\ToolbarPanel.cpp)
c:\devel\workspaces\vst\wavex\source\TrackPropertyConstrainer.h(32): warning C4100: "isStretchingRight": Unreferenzierter formaler Parameter (Quelldatei wird kompiliert ..\..\Source\ToolbarPanel.cpp)
c:\devel\workspaces\vst\wavex\source\TrackPropertyConstrainer.h(31): warning C4100: "isStretchingBottom": Unreferenzierter formaler Parameter (Quelldatei wird kompiliert ..\..\Source\ToolbarPanel.cpp)
c:\devel\workspaces\vst\wavex\source\TrackPropertyConstrainer.h(30): warning C4100: "isStretchingLeft": Unreferenzierter formaler Parameter (Quelldatei wird kompiliert ..\..\Source\ToolbarPanel.cpp)
c:\devel\workspaces\vst\wavex\source\TrackPropertyConstrainer.h(29): warning C4100: "isStretchingTop": Unreferenzierter formaler Parameter (Quelldatei wird kompiliert ..\..\Source\ToolbarPanel.cpp)
c:\devel\workspaces\vst\wavex\source\TrackPropertyConstrainer.h(28): warning C4100: "limits": Unreferenzierter formaler Parameter (Quelldatei wird kompiliert ..\..\Source\ToolbarPanel.cpp)
c:\devel\workspaces\vst\wavex\source\TrackPropertyConstrainer.h(27): warning C4100: "previousBounds": Unreferenzierter formaler Parameter (Quelldatei wird kompiliert ..\..\Source\ToolbarPanel.cpp)
c:\devel\workspaces\vst\wavex\source\MainComponent.cpp(109): warning C4458: Deklaration von "sampleRate" blendet Klassenmember aus (Quelldatei wird kompiliert ..\..\Source\ToolbarPanel.cpp)
  c:\devel\workspaces\vst\wavex\source\MainComponent.cpp(514): note: Siehe Deklaration von "MainContentComponent::sampleRate" (Quelldatei wird kompiliert ..\..\Source\ToolbarPanel.cpp)
c:\devel\workspaces\vst\wavex\source\MainComponent.cpp(132): warning C4100: "numOutputChannels": Unreferenzierter formaler Parameter (Quelldatei wird kompiliert ..\..\Source\ToolbarPanel.cpp)
c:\devel\workspaces\vst\wavex\source\MainComponent.cpp(130): warning C4100: "numInputChannels": Unreferenzierter formaler Parameter (Quelldatei wird kompiliert ..\..\Source\ToolbarPanel.cpp)
c:\devel\workspaces\vst\wavex\source\MainComponent.cpp(129): warning C4100: "inputChannelData": Unreferenzierter formaler Parameter (Quelldatei wird kompiliert ..\..\Source\ToolbarPanel.cpp)
c:\devel\workspaces\vst\wavex\source\MainComponent.cpp(198): warning C4100: "bufferToFill": Unreferenzierter formaler Parameter (Quelldatei wird kompiliert ..\..\Source\ToolbarPanel.cpp)
c:\devel\workspaces\vst\wavex\source\MainComponent.cpp(249): warning C4100: "source": Unreferenzierter formaler Parameter (Quelldatei wird kompiliert ..\..\Source\ToolbarPanel.cpp)
c:\devel\workspaces\vst\wavex\source\MainComponent.cpp(335): warning C4189: "numOutputChannels": Lokale Variable ist initialisiert aber nicht referenziert (Quelldatei wird kompiliert ..\..\Source\ToolbarPanel.cpp)
c:\devel\workspaces\vst\wavex\source\MainComponent.cpp(334): warning C4189: "numInputChannels": Lokale Variable ist initialisiert aber nicht referenziert (Quelldatei wird kompiliert ..\..\Source\ToolbarPanel.cpp)
c:\devel\workspaces\vst\wavex\source\MainComponent.cpp(402): warning C4458: Deklaration von "apfm" blendet Klassenmember aus (Quelldatei wird kompiliert ..\..\Source\ToolbarPanel.cpp)
  c:\devel\workspaces\vst\wavex\source\MainComponent.cpp(500): note: Siehe Deklaration von "MainContentComponent::apfm" (Quelldatei wird kompiliert ..\..\Source\ToolbarPanel.cpp)
c:\devel\workspaces\vst\wavex\source\MainComponent.cpp(568): warning C4100: "menuName": Unreferenzierter formaler Parameter (Quelldatei wird kompiliert ..\..\Source\ToolbarPanel.cpp)
c:\devel\workspaces\vst\wavex\source\MainComponent.cpp(593): warning C4100: "topLevelMenuIndex": Unreferenzierter formaler Parameter (Quelldatei wird kompiliert ..\..\Source\ToolbarPanel.cpp)
c:\devel\workspaces\vst\wavex\source\MainComponent.cpp(654): warning C4244: "=": Konvertierung von "double" in "long", möglicher Datenverlust (Quelldatei wird kompiliert ..\..\Source\ToolbarPanel.cpp)
c:\devel\workspaces\vst\wavex\source\MainComponent.cpp(659): warning C4244: "Initialisierung": Konvertierung von "double" in "int", möglicher Datenverlust (Quelldatei wird kompiliert ..\..\Source\ToolbarPanel.cpp)
c:\devel\workspaces\vst\wavex\source\MainComponent.cpp(662): warning C4267: "Argument": Konvertierung von "size_t" nach "int", Datenverlust möglich (Quelldatei wird kompiliert ..\..\Source\ToolbarPanel.cpp)
c:\devel\workspaces\vst\wavex\source\MainComponent.cpp(668): warning C4244: "Argument": Konvertierung von "double" in "int", möglicher Datenverlust (Quelldatei wird kompiliert ..\..\Source\ToolbarPanel.cpp)
..\..\Source\ToolbarPanel.cpp(122): warning C4100: "g": Unreferenzierter formaler Parameter
c:\devel\workspaces\vst\wavex\source\TrackPropertyConstrainer.h(32): warning C4100: "isStretchingRight": Unreferenzierter formaler Parameter (Quelldatei wird kompiliert ..\..\Source\TrackPropertyPanel.cpp)
c:\devel\workspaces\vst\wavex\source\TrackPropertyConstrainer.h(31): warning C4100: "isStretchingBottom": Unreferenzierter formaler Parameter (Quelldatei wird kompiliert ..\..\Source\TrackPropertyPanel.cpp)
c:\devel\workspaces\vst\wavex\source\TrackPropertyConstrainer.h(30): warning C4100: "isStretchingLeft": Unreferenzierter formaler Parameter (Quelldatei wird kompiliert ..\..\Source\TrackPropertyPanel.cpp)
c:\devel\workspaces\vst\wavex\source\TrackPropertyConstrainer.h(29): warning C4100: "isStretchingTop": Unreferenzierter formaler Parameter (Quelldatei wird kompiliert ..\..\Source\TrackPropertyPanel.cpp)
c:\devel\workspaces\vst\wavex\source\TrackPropertyConstrainer.h(28): warning C4100: "limits": Unreferenzierter formaler Parameter (Quelldatei wird kompiliert ..\..\Source\TrackPropertyPanel.cpp)
c:\devel\workspaces\vst\wavex\source\TrackPropertyConstrainer.h(27): warning C4100: "previousBounds": Unreferenzierter formaler Parameter (Quelldatei wird kompiliert ..\..\Source\TrackPropertyPanel.cpp)
..\..\Source\TrackPropertyPanel.cpp(156): warning C4244: "Argument": Konvertierung von "int" in "float", möglicher Datenverlust
..\..\Source\TrackPropertyPanel.cpp(247): warning C4244: "Argument": Konvertierung von "double" in "float", möglicher Datenverlust
..\..\Source\TrackPropertyPanel.cpp(248): warning C4244: "Argument": Konvertierung von "double" in "float", möglicher Datenverlust
..\..\Source\TrackPropertyPanel.cpp(268): warning C4458: Deklaration von "track" blendet Klassenmember aus
  c:\devel\workspaces\vst\wavex\source\TrackPropertyPanel.h(74): note: Siehe Deklaration von "TrackPropertyPanel::track" (Quelldatei wird kompiliert ..\..\Source\TrackPropertyPanel.cpp)
..\..\Source\TrackPropertyPanel.cpp(286): warning C4458: Deklaration von "selected" blendet Klassenmember aus
  c:\devel\workspaces\vst\wavex\source\TrackPropertyPanel.h(76): note: Siehe Deklaration von "TrackPropertyPanel::selected" (Quelldatei wird kompiliert ..\..\Source\TrackPropertyPanel.cpp)
..\..\Source\TrackPropertyPanel.cpp(293): warning C4100: "originatingComponent": Unreferenzierter formaler Parameter
..\..\Source\TrackPropertyPanel.cpp(302): warning C4100: "originatingComponent": Unreferenzierter formaler Parameter
  TrackPropertyView.cpp
  TransportPanel.cpp
c:\devel\workspaces\vst\wavex\source\DragConstrainer.h(42): warning C4244: "Argument": Konvertierung von "double" in "int", möglicher Datenverlust (Quelldatei wird kompiliert ..\..\Source\TrackPropertyView.cpp)
c:\devel\workspaces\vst\wavex\source\DragConstrainer.h(35): warning C4100: "isStretchingRight": Unreferenzierter formaler Parameter (Quelldatei wird kompiliert ..\..\Source\TrackPropertyView.cpp)
c:\devel\workspaces\vst\wavex\source\DragConstrainer.h(34): warning C4100: "isStretchingBottom": Unreferenzierter formaler Parameter (Quelldatei wird kompiliert ..\..\Source\TrackPropertyView.cpp)
c:\devel\workspaces\vst\wavex\source\DragConstrainer.h(33): warning C4100: "isStretchingLeft": Unreferenzierter formaler Parameter (Quelldatei wird kompiliert ..\..\Source\TrackPropertyView.cpp)
c:\devel\workspaces\vst\wavex\source\DragConstrainer.h(32): warning C4100: "isStretchingTop": Unreferenzierter formaler Parameter (Quelldatei wird kompiliert ..\..\Source\TrackPropertyView.cpp)
c:\devel\workspaces\vst\wavex\source\DragConstrainer.h(31): warning C4100: "limits": Unreferenzierter formaler Parameter (Quelldatei wird kompiliert ..\..\Source\TrackPropertyView.cpp)
c:\devel\workspaces\vst\wavex\source\DragConstrainer.h(45): warning C4458: Deklaration von "raster" blendet Klassenmember aus (Quelldatei wird kompiliert ..\..\Source\TrackPropertyView.cpp)
  c:\devel\workspaces\vst\wavex\source\DragConstrainer.h(80): note: Siehe Deklaration von "DragConstrainer::raster" (Quelldatei wird kompiliert ..\..\Source\TrackPropertyView.cpp)
c:\devel\workspaces\vst\wavex\source\DragConstrainer.h(47): warning C4244: "Initialisierung": Konvertierung von "double" in "int", möglicher Datenverlust (Quelldatei wird kompiliert ..\..\Source\TrackPropertyView.cpp)
c:\devel\workspaces\vst\wavex\source\DragConstrainer.h(71): warning C4458: Deklaration von "raster" blendet Klassenmember aus (Quelldatei wird kompiliert ..\..\Source\TrackPropertyView.cpp)
  c:\devel\workspaces\vst\wavex\source\DragConstrainer.h(80): note: Siehe Deklaration von "DragConstrainer::raster" (Quelldatei wird kompiliert ..\..\Source\TrackPropertyView.cpp)
c:\devel\workspaces\vst\wavex\source\DragConstrainer.h(75): warning C4458: Deklaration von "tolerance" blendet Klassenmember aus (Quelldatei wird kompiliert ..\..\Source\TrackPropertyView.cpp)
  c:\devel\workspaces\vst\wavex\source\DragConstrainer.h(81): note: Siehe Deklaration von "DragConstrainer::tolerance" (Quelldatei wird kompiliert ..\..\Source\TrackPropertyView.cpp)
c:\devel\workspaces\vst\wavex\source\TrackPropertyConstrainer.h(32): warning C4100: "isStretchingRight": Unreferenzierter formaler Parameter (Quelldatei wird kompiliert ..\..\Source\TrackPropertyView.cpp)
c:\devel\workspaces\vst\wavex\source\TrackPropertyConstrainer.h(31): warning C4100: "isStretchingBottom": Unreferenzierter formaler Parameter (Quelldatei wird kompiliert ..\..\Source\TrackPropertyView.cpp)
c:\devel\workspaces\vst\wavex\source\TrackPropertyConstrainer.h(30): warning C4100: "isStretchingLeft": Unreferenzierter formaler Parameter (Quelldatei wird kompiliert ..\..\Source\TrackPropertyView.cpp)
c:\devel\workspaces\vst\wavex\source\TrackPropertyConstrainer.h(29): warning C4100: "isStretchingTop": Unreferenzierter formaler Parameter (Quelldatei wird kompiliert ..\..\Source\TrackPropertyView.cpp)
c:\devel\workspaces\vst\wavex\source\TrackPropertyConstrainer.h(28): warning C4100: "limits": Unreferenzierter formaler Parameter (Quelldatei wird kompiliert ..\..\Source\TrackPropertyView.cpp)
c:\devel\workspaces\vst\wavex\source\TrackPropertyConstrainer.h(27): warning C4100: "previousBounds": Unreferenzierter formaler Parameter (Quelldatei wird kompiliert ..\..\Source\TrackPropertyView.cpp)
..\..\Source\TrackPropertyView.cpp(102): warning C4458: Deklaration von "offset" blendet Klassenmember aus
  c:\devel\workspaces\vst\wavex\source\TrackPropertyView.h(66): note: Siehe Deklaration von "TrackPropertyView::offset" (Quelldatei wird kompiliert ..\..\Source\TrackPropertyView.cpp)
..\..\Source\TrackPropertyView.cpp(126): warning C4267: "Argument": Konvertierung von "size_t" nach "int", Datenverlust möglich
..\..\Source\TrackPropertyView.cpp(133): warning C4267: "Initialisierung": Konvertierung von "size_t" nach "int", Datenverlust möglich
..\..\Source\TrackPropertyView.cpp(141): warning C4456: Deklaration von "i" blendet vorherige lokale Deklaration aus
  ..\..\Source\TrackPropertyView.cpp(133): note: Siehe Deklaration von "i"
c:\devel\workspaces\vst\wavex\source\DragConstrainer.h(42): warning C4244: "Argument": Konvertierung von "double" in "int", möglicher Datenverlust (Quelldatei wird kompiliert ..\..\Source\TransportPanel.cpp)
c:\devel\workspaces\vst\wavex\source\DragConstrainer.h(35): warning C4100: "isStretchingRight": Unreferenzierter formaler Parameter (Quelldatei wird kompiliert ..\..\Source\TransportPanel.cpp)
c:\devel\workspaces\vst\wavex\source\DragConstrainer.h(34): warning C4100: "isStretchingBottom": Unreferenzierter formaler Parameter (Quelldatei wird kompiliert ..\..\Source\TransportPanel.cpp)
c:\devel\workspaces\vst\wavex\source\DragConstrainer.h(33): warning C4100: "isStretchingLeft": Unreferenzierter formaler Parameter (Quelldatei wird kompiliert ..\..\Source\TransportPanel.cpp)
c:\devel\workspaces\vst\wavex\source\DragConstrainer.h(32): warning C4100: "isStretchingTop": Unreferenzierter formaler Parameter (Quelldatei wird kompiliert ..\..\Source\TransportPanel.cpp)
c:\devel\workspaces\vst\wavex\source\DragConstrainer.h(31): warning C4100: "limits": Unreferenzierter formaler Parameter (Quelldatei wird kompiliert ..\..\Source\TransportPanel.cpp)
c:\devel\workspaces\vst\wavex\source\DragConstrainer.h(45): warning C4458: Deklaration von "raster" blendet Klassenmember aus (Quelldatei wird kompiliert ..\..\Source\TransportPanel.cpp)
  c:\devel\workspaces\vst\wavex\source\DragConstrainer.h(80): note: Siehe Deklaration von "DragConstrainer::raster" (Quelldatei wird kompiliert ..\..\Source\TransportPanel.cpp)
c:\devel\workspaces\vst\wavex\source\DragConstrainer.h(47): warning C4244: "Initialisierung": Konvertierung von "double" in "int", möglicher Datenverlust (Quelldatei wird kompiliert ..\..\Source\TransportPanel.cpp)
c:\devel\workspaces\vst\wavex\source\DragConstrainer.h(71): warning C4458: Deklaration von "raster" blendet Klassenmember aus (Quelldatei wird kompiliert ..\..\Source\TransportPanel.cpp)
  c:\devel\workspaces\vst\wavex\source\DragConstrainer.h(80): note: Siehe Deklaration von "DragConstrainer::raster" (Quelldatei wird kompiliert ..\..\Source\TransportPanel.cpp)
c:\devel\workspaces\vst\wavex\source\DragConstrainer.h(75): warning C4458: Deklaration von "tolerance" blendet Klassenmember aus (Quelldatei wird kompiliert ..\..\Source\TransportPanel.cpp)
  c:\devel\workspaces\vst\wavex\source\DragConstrainer.h(81): note: Siehe Deklaration von "DragConstrainer::tolerance" (Quelldatei wird kompiliert ..\..\Source\TransportPanel.cpp)
c:\devel\workspaces\vst\wavex\source\TrackPropertyConstrainer.h(32): warning C4100: "isStretchingRight": Unreferenzierter formaler Parameter (Quelldatei wird kompiliert ..\..\Source\TransportPanel.cpp)
c:\devel\workspaces\vst\wavex\source\TrackPropertyConstrainer.h(31): warning C4100: "isStretchingBottom": Unreferenzierter formaler Parameter (Quelldatei wird kompiliert ..\..\Source\TransportPanel.cpp)
c:\devel\workspaces\vst\wavex\source\TrackPropertyConstrainer.h(30): warning C4100: "isStretchingLeft": Unreferenzierter formaler Parameter (Quelldatei wird kompiliert ..\..\Source\TransportPanel.cpp)
c:\devel\workspaces\vst\wavex\source\TrackPropertyConstrainer.h(29): warning C4100: "isStretchingTop": Unreferenzierter formaler Parameter (Quelldatei wird kompiliert ..\..\Source\TransportPanel.cpp)
c:\devel\workspaces\vst\wavex\source\TrackPropertyConstrainer.h(28): warning C4100: "limits": Unreferenzierter formaler Parameter (Quelldatei wird kompiliert ..\..\Source\TransportPanel.cpp)
c:\devel\workspaces\vst\wavex\source\TrackPropertyConstrainer.h(27): warning C4100: "previousBounds": Unreferenzierter formaler Parameter (Quelldatei wird kompiliert ..\..\Source\TransportPanel.cpp)
c:\devel\workspaces\vst\wavex\source\MainComponent.cpp(109): warning C4458: Deklaration von "sampleRate" blendet Klassenmember aus (Quelldatei wird kompiliert ..\..\Source\TransportPanel.cpp)
  c:\devel\workspaces\vst\wavex\source\MainComponent.cpp(514): note: Siehe Deklaration von "MainContentComponent::sampleRate" (Quelldatei wird kompiliert ..\..\Source\TransportPanel.cpp)
c:\devel\workspaces\vst\wavex\source\MainComponent.cpp(132): warning C4100: "numOutputChannels": Unreferenzierter formaler Parameter (Quelldatei wird kompiliert ..\..\Source\TransportPanel.cpp)
c:\devel\workspaces\vst\wavex\source\MainComponent.cpp(130): warning C4100: "numInputChannels": Unreferenzierter formaler Parameter (Quelldatei wird kompiliert ..\..\Source\TransportPanel.cpp)
c:\devel\workspaces\vst\wavex\source\MainComponent.cpp(129): warning C4100: "inputChannelData": Unreferenzierter formaler Parameter (Quelldatei wird kompiliert ..\..\Source\TransportPanel.cpp)
c:\devel\workspaces\vst\wavex\source\MainComponent.cpp(198): warning C4100: "bufferToFill": Unreferenzierter formaler Parameter (Quelldatei wird kompiliert ..\..\Source\TransportPanel.cpp)
c:\devel\workspaces\vst\wavex\source\MainComponent.cpp(249): warning C4100: "source": Unreferenzierter formaler Parameter (Quelldatei wird kompiliert ..\..\Source\TransportPanel.cpp)
c:\devel\workspaces\vst\wavex\source\MainComponent.cpp(335): warning C4189: "numOutputChannels": Lokale Variable ist initialisiert aber nicht referenziert (Quelldatei wird kompiliert ..\..\Source\TransportPanel.cpp)
c:\devel\workspaces\vst\wavex\source\MainComponent.cpp(334): warning C4189: "numInputChannels": Lokale Variable ist initialisiert aber nicht referenziert (Quelldatei wird kompiliert ..\..\Source\TransportPanel.cpp)
c:\devel\workspaces\vst\wavex\source\MainComponent.cpp(402): warning C4458: Deklaration von "apfm" blendet Klassenmember aus (Quelldatei wird kompiliert ..\..\Source\TransportPanel.cpp)
  c:\devel\workspaces\vst\wavex\source\MainComponent.cpp(500): note: Siehe Deklaration von "MainContentComponent::apfm" (Quelldatei wird kompiliert ..\..\Source\TransportPanel.cpp)
c:\devel\workspaces\vst\wavex\source\MainComponent.cpp(568): warning C4100: "menuName": Unreferenzierter formaler Parameter (Quelldatei wird kompiliert ..\..\Source\TransportPanel.cpp)
c:\devel\workspaces\vst\wavex\source\MainComponent.cpp(593): warning C4100: "topLevelMenuIndex": Unreferenzierter formaler Parameter (Quelldatei wird kompiliert ..\..\Source\TransportPanel.cpp)
c:\devel\workspaces\vst\wavex\source\MainComponent.cpp(654): warning C4244: "=": Konvertierung von "double" in "long", möglicher Datenverlust (Quelldatei wird kompiliert ..\..\Source\TransportPanel.cpp)
c:\devel\workspaces\vst\wavex\source\MainComponent.cpp(659): warning C4244: "Initialisierung": Konvertierung von "double" in "int", möglicher Datenverlust (Quelldatei wird kompiliert ..\..\Source\TransportPanel.cpp)
c:\devel\workspaces\vst\wavex\source\MainComponent.cpp(662): warning C4267: "Argument": Konvertierung von "size_t" nach "int", Datenverlust möglich (Quelldatei wird kompiliert ..\..\Source\TransportPanel.cpp)
c:\devel\workspaces\vst\wavex\source\MainComponent.cpp(668): warning C4244: "Argument": Konvertierung von "double" in "int", möglicher Datenverlust (Quelldatei wird kompiliert ..\..\Source\TransportPanel.cpp)
..\..\Source\TransportPanel.cpp(139): warning C4100: "g": Unreferenzierter formaler Parameter
..\..\Source\TransportPanel.cpp(205): warning C4244: "Argument": Konvertierung von "double" in "long", möglicher Datenverlust
..\..\Source\TransportPanel.cpp(248): warning C4244: "Argument": Konvertierung von "double" in "int", möglicher Datenverlust
..\..\Source\TransportPanel.cpp(247): warning C4100: "source": Unreferenzierter formaler Parameter
..\..\Source\TransportPanel.cpp(253): warning C4244: "Argument": Konvertierung von "double" in "int", möglicher Datenverlust
  WaveX.vcxproj -> C:\devel\workspaces\vst\WaveX\Builds\VisualStudio2015\x64\Debug\WaveX.exe
